<?xml version="1.0" encoding="UTF-8"?>
<coverage generated="1579038341478" clover="3.2.0">
  <project timestamp="1579038341478" name="All files">
    <metrics statements="20" coveredstatements="17" conditionals="6" coveredconditionals="1" methods="6" coveredmethods="1" elements="32" coveredelements="19" complexity="0" loc="20" ncloc="20" packages="1" files="2" classes="2"/>
    <file name="Button.js" path="/Users/maoli/Documents/storybook-project/koala/packages/Button/src/Button.js">
      <metrics statements="19" coveredstatements="16" conditionals="6" coveredconditionals="1" methods="5" coveredmethods="1"/>
      <line num="6" count="1" type="stmt"/>
      <line num="16" count="1" type="stmt"/>
      <line num="24" count="1" type="stmt"/>
      <line num="35" count="1" type="stmt"/>
      <line num="46" count="1" type="stmt"/>
      <line num="56" count="1" type="stmt"/>
      <line num="58" count="1" type="stmt"/>
      <line num="60" count="1" type="stmt"/>
      <line num="62" count="0" type="stmt"/>
      <line num="66" count="1" type="stmt"/>
      <line num="67" count="0" type="cond" truecount="0" falsecount="2"/>
      <line num="68" count="0" type="cond" truecount="0" falsecount="2"/>
      <line num="71" count="1" type="stmt"/>
      <line num="79" count="1" type="cond" truecount="1" falsecount="1"/>
      <line num="80" count="1" type="stmt"/>
      <line num="87" count="1" type="stmt"/>
      <line num="88" count="1" type="stmt"/>
      <line num="89" count="1" type="stmt"/>
      <line num="90" count="1" type="stmt"/>
    </file>
    <file name="Button.styles.js" path="/Users/maoli/Documents/storybook-project/koala/packages/Button/src/Button.styles.js">
      <metrics statements="1" coveredstatements="1" conditionals="0" coveredconditionals="0" methods="1" coveredmethods="0"/>
      <line num="1" count="1" type="stmt"/>
    </file>
  </project>
</coverage>
