{"/Users/maoli/Documents/storybook-project/koala/packages/Button/src/Button.js": {"path":"/Users/maoli/Documents/storybook-project/koala/packages/Button/src/Button.js","statementMap":{"0":{"start":{"line":6,"column":14},"end":{"line":14,"column":1}},"1":{"start":{"line":16,"column":20},"end":{"line":22,"column":1}},"2":{"start":{"line":24,"column":18},"end":{"line":33,"column":1}},"3":{"start":{"line":35,"column":21},"end":{"line":44,"column":1}},"4":{"start":{"line":46,"column":15},"end":{"line":85,"column":2}},"5":{"start":{"line":56,"column":8},"end":{"line":56,"column":13}},"6":{"start":{"line":58,"column":22},"end":{"line":58,"column":40}},"7":{"start":{"line":60,"column":4},"end":{"line":64,"column":8}},"8":{"start":{"line":60,"column":42},"end":{"line":64,"column":5}},"9":{"start":{"line":62,"column":12},"end":{"line":62,"column":38}},"10":{"start":{"line":66,"column":24},"end":{"line":69,"column":5}},"11":{"start":{"line":67,"column":8},"end":{"line":67,"column":51}},"12":{"start":{"line":67,"column":27},"end":{"line":67,"column":51}},"13":{"start":{"line":68,"column":8},"end":{"line":68,"column":40}},"14":{"start":{"line":68,"column":25},"end":{"line":68,"column":40}},"15":{"start":{"line":71,"column":24},"end":{"line":78,"column":5}},"16":{"start":{"line":79,"column":4},"end":{"line":79,"column":54}},"17":{"start":{"line":80,"column":4},"end":{"line":84,"column":6}},"18":{"start":{"line":87,"column":0},"end":{"line":87,"column":21}},"19":{"start":{"line":88,"column":0},"end":{"line":88,"column":30}},"20":{"start":{"line":89,"column":0},"end":{"line":89,"column":29}},"21":{"start":{"line":90,"column":0},"end":{"line":90,"column":35}}},"fnMap":{"0":{"name":"(anonymous_0)","decl":{"start":{"line":41,"column":13},"end":{"line":41,"column":14}},"loc":{"start":{"line":41,"column":19},"end":{"line":41,"column":22}},"line":41},"1":{"name":"(anonymous_1)","decl":{"start":{"line":46,"column":32},"end":{"line":46,"column":33}},"loc":{"start":{"line":46,"column":48},"end":{"line":85,"column":1}},"line":46},"2":{"name":"(anonymous_2)","decl":{"start":{"line":60,"column":35},"end":{"line":60,"column":36}},"loc":{"start":{"line":60,"column":42},"end":{"line":64,"column":5}},"line":60},"3":{"name":"(anonymous_3)","decl":{"start":{"line":61,"column":15},"end":{"line":61,"column":16}},"loc":{"start":{"line":61,"column":21},"end":{"line":63,"column":9}},"line":61},"4":{"name":"(anonymous_4)","decl":{"start":{"line":66,"column":24},"end":{"line":66,"column":25}},"loc":{"start":{"line":66,"column":33},"end":{"line":69,"column":5}},"line":66}},"branchMap":{"0":{"loc":{"start":{"line":67,"column":8},"end":{"line":67,"column":51}},"type":"if","locations":[{"start":{"line":67,"column":8},"end":{"line":67,"column":51}},{"start":{"line":67,"column":8},"end":{"line":67,"column":51}}],"line":67},"1":{"loc":{"start":{"line":68,"column":8},"end":{"line":68,"column":40}},"type":"if","locations":[{"start":{"line":68,"column":8},"end":{"line":68,"column":40}},{"start":{"line":68,"column":8},"end":{"line":68,"column":40}}],"line":68},"2":{"loc":{"start":{"line":79,"column":23},"end":{"line":79,"column":53}},"type":"cond-expr","locations":[{"start":{"line":79,"column":34},"end":{"line":79,"column":42}},{"start":{"line":79,"column":45},"end":{"line":79,"column":53}}],"line":79}},"s":{"0":1,"1":1,"2":1,"3":1,"4":1,"5":1,"6":1,"7":1,"8":0,"9":0,"10":1,"11":0,"12":0,"13":0,"14":0,"15":1,"16":1,"17":1,"18":1,"19":1,"20":1,"21":1},"f":{"0":0,"1":1,"2":0,"3":0,"4":0},"b":{"0":[0,0],"1":[0,0],"2":[0,1]},"_coverageSchema":"43e27e138ebf9cfc5966b082cf9a028302ed4184","hash":"90169e2f9d11237583ec26c5bda8a1ac47163a31"}
,"/Users/maoli/Documents/storybook-project/koala/packages/Button/src/Button.styles.js": {"path":"/Users/maoli/Documents/storybook-project/koala/packages/Button/src/Button.styles.js","statementMap":{"0":{"start":{"line":1,"column":21},"end":{"line":3,"column":8}},"1":{"start":{"line":1,"column":30},"end":{"line":3,"column":8}}},"fnMap":{"0":{"name":"(anonymous_0)","decl":{"start":{"line":1,"column":21},"end":{"line":1,"column":22}},"loc":{"start":{"line":1,"column":30},"end":{"line":3,"column":8}},"line":1}},"branchMap":{},"s":{"0":1,"1":0},"f":{"0":0},"b":{},"_coverageSchema":"43e27e138ebf9cfc5966b082cf9a028302ed4184","hash":"4343a2e0ea26cdd3a78df0736161f01896649e8f"}
}
