TN:
SF:/Users/maoli/Documents/storybook-project/koala/packages/Button/src/Button.js
FN:41,(anonymous_0)
FN:46,(anonymous_1)
FN:60,(anonymous_2)
FN:61,(anonymous_3)
FN:66,(anonymous_4)
FNF:5
FNH:1
FNDA:0,(anonymous_0)
FNDA:1,(anonymous_1)
FNDA:0,(anonymous_2)
FNDA:0,(anonymous_3)
FNDA:0,(anonymous_4)
DA:6,1
DA:16,1
DA:24,1
DA:35,1
DA:46,1
DA:56,1
DA:58,1
DA:60,1
DA:62,0
DA:66,1
DA:67,0
DA:68,0
DA:71,1
DA:79,1
DA:80,1
DA:87,1
DA:88,1
DA:89,1
DA:90,1
LF:19
LH:16
BRDA:67,0,0,0
BRDA:67,0,1,0
BRDA:68,1,0,0
BRDA:68,1,1,0
BRDA:79,2,0,0
BRDA:79,2,1,1
BRF:6
BRH:1
end_of_record
TN:
SF:/Users/maoli/Documents/storybook-project/koala/packages/Button/src/Button.styles.js
FN:1,(anonymous_0)
FNF:1
FNH:0
FNDA:0,(anonymous_0)
DA:1,1
LF:1
LH:1
BRF:0
BRH:0
end_of_record
